INFO    : Using PreTeXt-CLI version: 2.10.0.  This is the latest available version.

INFO    : PreTeXt project found in `/home/innodems-intern2/Documents/new-pretext-project`.
INFO    : Since no target was supplied, we will use "web".

INFO    : Building target web
INFO    : Preparing to build into /home/innodems-intern2/Documents/new-pretext-project/output/web.
INFO    : XSL conversion of /home/innodems-intern2/Documents/new-pretext-project/source/main.ptx by /home/innodems-intern2/.ptx/2.10.0/core/xsl/utilities/report-publisher-variables.xsl
INFO    : successful application of /home/innodems-intern2/.ptx/2.10.0/core/xsl/utilities/report-publisher-variables.xsl
INFO    : discovering source file's directory name: /home/innodems-intern2/Documents/new-pretext-project/source
INFO    : verifying and expanding input directory: /home/innodems-intern2/Documents/new-pretext-project/source/../generated-assets
INFO    : input directory expanded to absolute path: /home/innodems-intern2/Documents/new-pretext-project/generated-assets
INFO    : verifying and expanding input directory: /home/innodems-intern2/Documents/new-pretext-project/source/../assets
INFO    : input directory expanded to absolute path: /home/innodems-intern2/Documents/new-pretext-project/assets
INFO    : Runestone Services (via PreTeXt repository): version 7.4.4
INFO    : converting /home/innodems-intern2/Documents/new-pretext-project/source/main.ptx to HTML in /tmp/ptx-s8ilkg46
INFO    : XSL conversion of /home/innodems-intern2/Documents/new-pretext-project/source/main.ptx by /home/innodems-intern2/.ptx/2.10.0/core/xsl/pretext-html.xsl
INFO    : messages from the log for XSL processing:
ERROR   : * PTX:ERROR:      The @xml:id "eqn4=solution-" is invalid.  Use only letters, numbers, hyphens and underscores.
INFO    : successful application of /home/innodems-intern2/.ptx/2.10.0/core/xsl/pretext-html.xsl
WARNING : Failed to map codechat path to xml id; codechat will not work.
INFO    : Removing temporary directory /tmp/ptx-2tcfup_b
INFO    : Removing temporary directory /tmp/ptx-s8ilkg46
INFO    : 
Success! Run `pretext view` to see the results.

INFO    : 
----------------------------------------------------
INFO    : While running pretext, the following errors occurred:

INFO    : (see log messages above or in the 'logs' folder for more information)
INFO    : ----------------------------------------------------
