INFO    : Using PreTeXt-CLI version 2.10.0.  The latest stable version available is 2.10.1. Run `pip install pretext --upgrade` to update.

INFO    : PreTeXt project found in `/home/innodems-intern2/Documents/new-pretext-project`.
INFO    : Since no target was supplied, we will use "web".

INFO    : Building target web
INFO    : Preparing to build into /home/innodems-intern2/Documents/new-pretext-project/output/web.
INFO    : XSL conversion of /home/innodems-intern2/Documents/new-pretext-project/source/main.ptx by /home/innodems-intern2/.ptx/2.10.0/core/xsl/utilities/report-publisher-variables.xsl
INFO    : successful application of /home/innodems-intern2/.ptx/2.10.0/core/xsl/utilities/report-publisher-variables.xsl
INFO    : discovering source file's directory name: /home/innodems-intern2/Documents/new-pretext-project/source
INFO    : verifying and expanding input directory: /home/innodems-intern2/Documents/new-pretext-project/source/../generated-assets
INFO    : input directory expanded to absolute path: /home/innodems-intern2/Documents/new-pretext-project/generated-assets
INFO    : verifying and expanding input directory: /home/innodems-intern2/Documents/new-pretext-project/source/../assets
INFO    : input directory expanded to absolute path: /home/innodems-intern2/Documents/new-pretext-project/assets
INFO    : Runestone Services (via PreTeXt repository): version 7.4.4
INFO    : Runestone Services (using newer, via online CDN query): version 7.4.7
INFO    : Downloading Runestone Services, version 7.4.7
INFO    : Extracting Runestone Services from archive file
INFO    : converting /home/innodems-intern2/Documents/new-pretext-project/source/main.ptx to HTML in /tmp/ptx-p6ra1if5
INFO    : XSL conversion of /home/innodems-intern2/Documents/new-pretext-project/source/main.ptx by /home/innodems-intern2/.ptx/2.10.0/core/xsl/pretext-html.xsl
INFO    : messages from the log for XSL processing:
ERROR   : * PTX:ERROR:   a cross-reference ("xref") uses references [eqn-] that do not point to any target, or perhaps point to multiple targets.  Maybe you typed an @xml:id value wrong, maybe the target of the @xml:id is nonexistent, or maybe you temporarily removed the target from your source, or maybe an auxiliary file contains a duplicate.  Your output will contain some placeholder text that you will not want to distribute to your readers.
INFO    : *              located within: "sec-section-name" (xml:id), "Addition and subtraction" (title)
INFO    : successful application of /home/innodems-intern2/.ptx/2.10.0/core/xsl/pretext-html.xsl
INFO    : Removing temporary directory /tmp/ptx-gx4_l36a
INFO    : Removing temporary directory /tmp/ptx-p6ra1if5
INFO    : 
Success! Run `pretext view` to see the results.

INFO    : 
----------------------------------------------------
INFO    : While running pretext, the following errors occurred:

INFO    : (see log messages above or in the 'logs' folder for more information)
INFO    : ----------------------------------------------------
