INFO    : Using PreTeXt-CLI version 2.10.0.  The latest stable version available is 2.10.1. Run `pip install pretext --upgrade` to update.

INFO    : PreTeXt project found in `/home/innodems-intern2/Documents/new-pretext-project`.
INFO    : Since no target was supplied, we will use "web".

INFO    : Building target web
INFO    : converting latex-image pictures from /home/innodems-intern2/Documents/new-pretext-project/source/main.ptx to svg graphics for placement in /home/innodems-intern2/Documents/new-pretext-project/generated-assets/latex-image
INFO    : extracting latex-image pictures from /home/innodems-intern2/Documents/new-pretext-project/source/main.ptx
INFO    : string parameters passed to extraction stylesheet: {'debug.html.annotate': 'yes', 'publisher': '/home/innodems-intern2/Documents/new-pretext-project/publication/publication.ptx'}
INFO    : discovering source file's directory name: /home/innodems-intern2/Documents/new-pretext-project/source
INFO    : verifying and expanding input directory: /home/innodems-intern2/Documents/new-pretext-project/source/../generated-assets
INFO    : input directory expanded to absolute path: /home/innodems-intern2/Documents/new-pretext-project/generated-assets
INFO    : verifying and expanding input directory: /home/innodems-intern2/Documents/new-pretext-project/source/../assets
INFO    : input directory expanded to absolute path: /home/innodems-intern2/Documents/new-pretext-project/assets
INFO    : XSL conversion of /home/innodems-intern2/Documents/new-pretext-project/source/main.ptx by /home/innodems-intern2/.ptx/2.10.0/core/xsl/extract-latex-image.xsl
INFO    : successful application of /home/innodems-intern2/.ptx/2.10.0/core/xsl/extract-latex-image.xsl
INFO    : converting sec-section-name-6.tex to sec-section-name-6.pdf
ERROR   : LaTeX compilation of sec-section-name-6.tex failed.
Re-run, requesting "source" as the format, to analyze the image.
Likely creating the entire document as PDF will fail similarly.
The transcript of the LaTeX run follows.
ERROR   : Unable to generate some latex-image assets:
 LaTeX compilation failed for 1 "latex-image"(s).
Review the log for error messages, and LaTeX transcripts.
Images are:
  sec-section-name-6.tex
INFO    : Removing temporary directory /tmp/ptx-t1qcarfm
INFO    : Preparing to build into /home/innodems-intern2/Documents/new-pretext-project/output/web.
INFO    : XSL conversion of /home/innodems-intern2/Documents/new-pretext-project/source/main.ptx by /home/innodems-intern2/.ptx/2.10.0/core/xsl/utilities/report-publisher-variables.xsl
INFO    : successful application of /home/innodems-intern2/.ptx/2.10.0/core/xsl/utilities/report-publisher-variables.xsl
INFO    : discovering source file's directory name: /home/innodems-intern2/Documents/new-pretext-project/source
INFO    : verifying and expanding input directory: /home/innodems-intern2/Documents/new-pretext-project/source/../generated-assets
INFO    : input directory expanded to absolute path: /home/innodems-intern2/Documents/new-pretext-project/generated-assets
INFO    : verifying and expanding input directory: /home/innodems-intern2/Documents/new-pretext-project/source/../assets
INFO    : input directory expanded to absolute path: /home/innodems-intern2/Documents/new-pretext-project/assets
INFO    : Runestone Services (via PreTeXt repository): version 7.4.4
INFO    : Runestone Services (using newer, via online CDN query): version 7.5.0
INFO    : Downloading Runestone Services, version 7.5.0
INFO    : Extracting Runestone Services from archive file
INFO    : converting /home/innodems-intern2/Documents/new-pretext-project/source/main.ptx to HTML in /tmp/ptx-rqukq780
INFO    : XSL conversion of /home/innodems-intern2/Documents/new-pretext-project/source/main.ptx by /home/innodems-intern2/.ptx/2.10.0/core/xsl/pretext-html.xsl
INFO    : successful application of /home/innodems-intern2/.ptx/2.10.0/core/xsl/pretext-html.xsl
INFO    : Removing temporary directory /tmp/ptx-zjqrx7if
INFO    : Removing temporary directory /tmp/ptx-rqukq780
INFO    : 
Success! Run `pretext view` to see the results.

INFO    : 
----------------------------------------------------
INFO    : While running pretext, the following errors occurred:

INFO    : (see log messages above or in the 'logs' folder for more information)
INFO    : ----------------------------------------------------
