INFO    : Using PreTeXt-CLI version: 2.10.0.  This is the latest available version.

INFO    : PreTeXt project found in `/home/innodems-intern2/Documents/new-pretext-project`.
INFO    : Since no target was supplied, we will use "web".

INFO    : Building target web
INFO    : converting latex-image pictures from /home/innodems-intern2/Documents/new-pretext-project/source/main.ptx to svg graphics for placement in /home/innodems-intern2/Documents/new-pretext-project/generated-assets/latex-image
INFO    : extracting latex-image pictures from /home/innodems-intern2/Documents/new-pretext-project/source/main.ptx
INFO    : string parameters passed to extraction stylesheet: {'debug.html.annotate': 'yes', 'publisher': '/home/innodems-intern2/Documents/new-pretext-project/publication/publication.ptx'}
INFO    : discovering source file's directory name: /home/innodems-intern2/Documents/new-pretext-project/source
INFO    : verifying and expanding input directory: /home/innodems-intern2/Documents/new-pretext-project/source/../generated-assets
INFO    : input directory expanded to absolute path: /home/innodems-intern2/Documents/new-pretext-project/generated-assets
INFO    : verifying and expanding input directory: /home/innodems-intern2/Documents/new-pretext-project/source/../assets
INFO    : input directory expanded to absolute path: /home/innodems-intern2/Documents/new-pretext-project/assets
INFO    : XSL conversion of /home/innodems-intern2/Documents/new-pretext-project/source/main.ptx by /home/innodems-intern2/.ptx/2.10.0/core/xsl/extract-latex-image.xsl
INFO    : successful application of /home/innodems-intern2/.ptx/2.10.0/core/xsl/extract-latex-image.xsl
ERROR   : Unable to generate some latex-image assets:
 PTX:ERROR: cannot locate executable with configuration name `LatexEngine.XELATEX` as command `xelatex`
***  Edit the configuration file  ("pretext.cfg" or "project.ptx") and/or install  ***
***  the necessary program and/or make sure the executable is on your PATH         ***
INFO    : Removing temporary directory /tmp/ptx-m8qo6tyb
INFO    : Preparing to build into /home/innodems-intern2/Documents/new-pretext-project/output/web.
INFO    : XSL conversion of /home/innodems-intern2/Documents/new-pretext-project/source/main.ptx by /home/innodems-intern2/.ptx/2.10.0/core/xsl/utilities/report-publisher-variables.xsl
INFO    : successful application of /home/innodems-intern2/.ptx/2.10.0/core/xsl/utilities/report-publisher-variables.xsl
INFO    : discovering source file's directory name: /home/innodems-intern2/Documents/new-pretext-project/source
INFO    : verifying and expanding input directory: /home/innodems-intern2/Documents/new-pretext-project/source/../generated-assets
INFO    : input directory expanded to absolute path: /home/innodems-intern2/Documents/new-pretext-project/generated-assets
INFO    : verifying and expanding input directory: /home/innodems-intern2/Documents/new-pretext-project/source/../assets
INFO    : input directory expanded to absolute path: /home/innodems-intern2/Documents/new-pretext-project/assets
INFO    : Runestone Services (via PreTeXt repository): version 7.4.4
INFO    : converting /home/innodems-intern2/Documents/new-pretext-project/source/main.ptx to HTML in /tmp/ptx-55x3suqr
INFO    : XSL conversion of /home/innodems-intern2/Documents/new-pretext-project/source/main.ptx by /home/innodems-intern2/.ptx/2.10.0/core/xsl/pretext-html.xsl
INFO    : successful application of /home/innodems-intern2/.ptx/2.10.0/core/xsl/pretext-html.xsl
INFO    : Removing temporary directory /tmp/ptx-wmbe7f1_
INFO    : Removing temporary directory /tmp/ptx-55x3suqr
INFO    : 
Success! Run `pretext view` to see the results.

INFO    : 
----------------------------------------------------
INFO    : While running pretext, the following errors occurred:

INFO    : (see log messages above or in the 'logs' folder for more information)
INFO    : ----------------------------------------------------
