INFO    : Using PreTeXt-CLI version 2.10.0.  The latest stable version available is 2.11.4. Run `pip install pretext --upgrade` to update.

INFO    : PreTeXt project found in `/home/innodems-intern2/Documents/project-for-grade-seven`.
INFO    : Since no target was supplied, we will use "web".

INFO    : Building target web
INFO    : Preparing to build into /home/innodems-intern2/Documents/project-for-grade-seven/output/web.
INFO    : XSL conversion of /home/innodems-intern2/Documents/project-for-grade-seven/source/main.ptx by /home/innodems-intern2/.ptx/2.10.0/core/xsl/utilities/report-publisher-variables.xsl
INFO    : successful application of /home/innodems-intern2/.ptx/2.10.0/core/xsl/utilities/report-publisher-variables.xsl
INFO    : discovering source file's directory name: /home/innodems-intern2/Documents/project-for-grade-seven/source
INFO    : verifying and expanding input directory: /home/innodems-intern2/Documents/project-for-grade-seven/source/../generated-assets
INFO    : input directory expanded to absolute path: /home/innodems-intern2/Documents/project-for-grade-seven/generated-assets
INFO    : verifying and expanding input directory: /home/innodems-intern2/Documents/project-for-grade-seven/source/../assets
INFO    : input directory expanded to absolute path: /home/innodems-intern2/Documents/project-for-grade-seven/assets
INFO    : Runestone Services (via PreTeXt repository): version 7.4.4
INFO    : Runestone Services (using newer, via online CDN query): version 7.5.1
INFO    : Downloading Runestone Services, version 7.5.1
WARNING : There was a network problem while trying to download "https://runestone.academy/cdn/runestone/dist-7.5.1.tgz"
and the reported problem is:
('Connection broken: IncompleteRead(2325026 bytes read, 11896068 more expected)', IncompleteRead(2325026 bytes read, 11896068 more expected))
WARNING : Failed to download all Runestone Services files - will rely on links to web resources
INFO    : converting /home/innodems-intern2/Documents/project-for-grade-seven/source/main.ptx to HTML in /tmp/ptx-dwcsirx1
INFO    : XSL conversion of /home/innodems-intern2/Documents/project-for-grade-seven/source/main.ptx by /home/innodems-intern2/.ptx/2.10.0/core/xsl/pretext-html.xsl
INFO    : messages from the log for XSL processing:
WARNING : * PTX:DEPRECATE: (2016-07-31) @width attribute on <image> must be expressed as a percentage (1 time)
INFO    : *              located within: "sec-section-Pythagorean-relationship" (xml:id), "Pythagorean relationship" (title)
INFO    : * --------------
INFO    : successful application of /home/innodems-intern2/.ptx/2.10.0/core/xsl/pretext-html.xsl
INFO    : Removing temporary directory /tmp/ptx-od5cxk24
INFO    : Removing temporary directory /tmp/ptx-dwcsirx1
INFO    : 
Success! Run `pretext view` to see the results.

INFO    : 
