INFO    : Using PreTeXt-CLI version: 2.10.0.  This is the latest available version.

INFO    : PreTeXt project found in `/home/innodems-intern2/Documents/project-for-grade-seven`.
INFO    : Since no target was supplied, we will use "web".

INFO    : Building target web
INFO    : converting latex-image pictures from /home/innodems-intern2/Documents/project-for-grade-seven/source/main.ptx to svg graphics for placement in /home/innodems-intern2/Documents/project-for-grade-seven/generated-assets/latex-image
INFO    : extracting latex-image pictures from /home/innodems-intern2/Documents/project-for-grade-seven/source/main.ptx
INFO    : string parameters passed to extraction stylesheet: {'debug.html.annotate': 'yes', 'publisher': '/home/innodems-intern2/Documents/project-for-grade-seven/publication/publication.ptx', 'subtree': 'sec-section-Pythagorean-relationship'}
INFO    : discovering source file's directory name: /home/innodems-intern2/Documents/project-for-grade-seven/source
INFO    : verifying and expanding input directory: /home/innodems-intern2/Documents/project-for-grade-seven/source/../generated-assets
INFO    : input directory expanded to absolute path: /home/innodems-intern2/Documents/project-for-grade-seven/generated-assets
INFO    : verifying and expanding input directory: /home/innodems-intern2/Documents/project-for-grade-seven/source/../assets
INFO    : input directory expanded to absolute path: /home/innodems-intern2/Documents/project-for-grade-seven/assets
INFO    : XSL conversion of /home/innodems-intern2/Documents/project-for-grade-seven/source/main.ptx by /home/innodems-intern2/.ptx/2.10.0/core/xsl/extract-latex-image.xsl
INFO    : successful application of /home/innodems-intern2/.ptx/2.10.0/core/xsl/extract-latex-image.xsl
INFO    : converting sec-section-Pythagorean-relationship-12.tex to sec-section-Pythagorean-relationship-12.pdf
INFO    : cropping sec-section-Pythagorean-relationship-12.pdf to cropped-sec-section-Pythagorean-relationship-12.pdf
INFO    : renaming cropped-sec-section-Pythagorean-relationship-12.pdf to sec-section-Pythagorean-relationship-12.pdf
INFO    : converting sec-section-Pythagorean-relationship-12.pdf to sec-section-Pythagorean-relationship-12.svg
INFO    : converting sec-section-Pythagorean-relationship-11.tex to sec-section-Pythagorean-relationship-11.pdf
INFO    : cropping sec-section-Pythagorean-relationship-11.pdf to cropped-sec-section-Pythagorean-relationship-11.pdf
INFO    : renaming cropped-sec-section-Pythagorean-relationship-11.pdf to sec-section-Pythagorean-relationship-11.pdf
INFO    : converting sec-section-Pythagorean-relationship-11.pdf to sec-section-Pythagorean-relationship-11.svg
INFO    : Removing temporary directory /tmp/ptx-zw7tm52v
INFO    : Preparing to build into /home/innodems-intern2/Documents/project-for-grade-seven/output/web.
INFO    : XSL conversion of /home/innodems-intern2/Documents/project-for-grade-seven/source/main.ptx by /home/innodems-intern2/.ptx/2.10.0/core/xsl/utilities/report-publisher-variables.xsl
INFO    : successful application of /home/innodems-intern2/.ptx/2.10.0/core/xsl/utilities/report-publisher-variables.xsl
INFO    : discovering source file's directory name: /home/innodems-intern2/Documents/project-for-grade-seven/source
INFO    : verifying and expanding input directory: /home/innodems-intern2/Documents/project-for-grade-seven/source/../generated-assets
INFO    : input directory expanded to absolute path: /home/innodems-intern2/Documents/project-for-grade-seven/generated-assets
INFO    : verifying and expanding input directory: /home/innodems-intern2/Documents/project-for-grade-seven/source/../assets
INFO    : input directory expanded to absolute path: /home/innodems-intern2/Documents/project-for-grade-seven/assets
INFO    : Runestone Services (via PreTeXt repository): version 7.4.4
INFO    : converting /home/innodems-intern2/Documents/project-for-grade-seven/source/main.ptx to HTML in /tmp/ptx-oaxa908m
INFO    : XSL conversion of /home/innodems-intern2/Documents/project-for-grade-seven/source/main.ptx by /home/innodems-intern2/.ptx/2.10.0/core/xsl/pretext-html.xsl
INFO    : messages from the log for XSL processing:
WARNING : * PTX:DEPRECATE: (2016-07-31) @width attribute on <image> must be expressed as a percentage (1 time)
INFO    : *              located within: "sec-section-Pythagorean-relationship" (xml:id), "Pythagorean relationship" (title)
INFO    : * --------------
INFO    : successful application of /home/innodems-intern2/.ptx/2.10.0/core/xsl/pretext-html.xsl
INFO    : Removing temporary directory /tmp/ptx-xub11c2z
INFO    : Removing temporary directory /tmp/ptx-oaxa908m
INFO    : 
Success! Run `pretext view` to see the results.

INFO    : 
