INFO    : Using PreTeXt-CLI version 2.10.0.  The latest stable version available is 2.11.3. Run `pip install pretext --upgrade` to update.

INFO    : PreTeXt project found in `/home/innodems-intern2/Documents/new-pretext-project`.
INFO    : Since no target was supplied, we will use "web".

INFO    : Building target web
INFO    : Preparing to build into /home/innodems-intern2/Documents/new-pretext-project/output/web.
INFO    : XSL conversion of /home/innodems-intern2/Documents/new-pretext-project/source/main.ptx by /home/innodems-intern2/.ptx/2.10.0/core/xsl/utilities/report-publisher-variables.xsl
INFO    : messages from the log for XSL processing:
ERROR   : * PTX:ERROR: the @xml:id value "sec-section-linear-equation" should be unique, but is authored 2 times.
INFO    : *            Results will be unpredictable, and likely incorrect.  Information on the locations follows:
ERROR   : * PTX:ERROR: the @xml:id value "eqn-soluition" should be unique, but is authored 2 times.
INFO    : *            Results will be unpredictable, and likely incorrect.  Information on the locations follows:
ERROR   : * PTX:ERROR: the @xml:id value "eqn2-solution" should be unique, but is authored 2 times.
INFO    : *            Results will be unpredictable, and likely incorrect.  Information on the locations follows:
ERROR   : * PTX:ERROR: the @xml:id value "eqn3-solution" should be unique, but is authored 2 times.
INFO    : *            Results will be unpredictable, and likely incorrect.  Information on the locations follows:
INFO    : successful application of /home/innodems-intern2/.ptx/2.10.0/core/xsl/utilities/report-publisher-variables.xsl
INFO    : discovering source file's directory name: /home/innodems-intern2/Documents/new-pretext-project/source
INFO    : verifying and expanding input directory: /home/innodems-intern2/Documents/new-pretext-project/source/../generated-assets
INFO    : input directory expanded to absolute path: /home/innodems-intern2/Documents/new-pretext-project/generated-assets
INFO    : verifying and expanding input directory: /home/innodems-intern2/Documents/new-pretext-project/source/../assets
INFO    : input directory expanded to absolute path: /home/innodems-intern2/Documents/new-pretext-project/assets
INFO    : Runestone Services (via PreTeXt repository): version 7.4.4
INFO    : Runestone Services (using newer, via online CDN query): version 7.5.1
INFO    : Downloading Runestone Services, version 7.5.1
INFO    : Extracting Runestone Services from archive file
INFO    : converting /home/innodems-intern2/Documents/new-pretext-project/source/main.ptx to HTML in /tmp/ptx-foh3rsnd
INFO    : XSL conversion of /home/innodems-intern2/Documents/new-pretext-project/source/main.ptx by /home/innodems-intern2/.ptx/2.10.0/core/xsl/pretext-html.xsl
INFO    : messages from the log for XSL processing:
ERROR   : * PTX:ERROR: the @xml:id value "sec-section-linear-equation" should be unique, but is authored 2 times.
INFO    : *            Results will be unpredictable, and likely incorrect.  Information on the locations follows:
INFO    : *              located within: "sec-section-linear-equation" (xml:id), "Linear Equations" (title)
INFO    : *              located within: "sec-section-linear-equation" (xml:id), "Linear Equations" (title)
ERROR   : * PTX:ERROR: the @xml:id value "eqn-soluition" should be unique, but is authored 2 times.
INFO    : *            Results will be unpredictable, and likely incorrect.  Information on the locations follows:
INFO    : *              located within: "eqn-soluition" (xml:id)
INFO    : *              located within: "eqn-soluition" (xml:id)
ERROR   : * PTX:ERROR: the @xml:id value "eqn2-solution" should be unique, but is authored 2 times.
INFO    : *            Results will be unpredictable, and likely incorrect.  Information on the locations follows:
INFO    : *              located within: "eqn2-solution" (xml:id)
INFO    : *              located within: "eqn2-solution" (xml:id)
ERROR   : * PTX:ERROR: the @xml:id value "eqn3-solution" should be unique, but is authored 2 times.
INFO    : *            Results will be unpredictable, and likely incorrect.  Information on the locations follows:
INFO    : *              located within: "eqn3-solution" (xml:id)
INFO    : *              located within: "eqn3-solution" (xml:id)
INFO    : successful application of /home/innodems-intern2/.ptx/2.10.0/core/xsl/pretext-html.xsl
INFO    : Removing temporary directory /tmp/ptx-tj4praaj
INFO    : Removing temporary directory /tmp/ptx-foh3rsnd
INFO    : 
Success! Run `pretext view` to see the results.

INFO    : 
----------------------------------------------------
INFO    : While running pretext, the following errors occurred:

INFO    : (see log messages above or in the 'logs' folder for more information)
INFO    : ----------------------------------------------------
