INFO    : Using PreTeXt-CLI version 2.10.0.  The latest stable version available is 2.11.3. Run `pip install pretext --upgrade` to update.

INFO    : PreTeXt project found in `/home/innodems-intern2/Documents/new-pretext-project`.
INFO    : Since no target was supplied, we will use "web".

INFO    : Building target web
INFO    : converting latex-image pictures from /home/innodems-intern2/Documents/new-pretext-project/source/main.ptx to svg graphics for placement in /home/innodems-intern2/Documents/new-pretext-project/generated-assets/latex-image
INFO    : extracting latex-image pictures from /home/innodems-intern2/Documents/new-pretext-project/source/main.ptx
INFO    : string parameters passed to extraction stylesheet: {'debug.html.annotate': 'yes', 'publisher': '/home/innodems-intern2/Documents/new-pretext-project/publication/publication.ptx', 'subtree': 'sec-section-name'}
INFO    : discovering source file's directory name: /home/innodems-intern2/Documents/new-pretext-project/source
INFO    : verifying and expanding input directory: /home/innodems-intern2/Documents/new-pretext-project/source/../generated-assets
INFO    : input directory expanded to absolute path: /home/innodems-intern2/Documents/new-pretext-project/generated-assets
INFO    : verifying and expanding input directory: /home/innodems-intern2/Documents/new-pretext-project/source/../assets
INFO    : input directory expanded to absolute path: /home/innodems-intern2/Documents/new-pretext-project/assets
INFO    : XSL conversion of /home/innodems-intern2/Documents/new-pretext-project/source/main.ptx by /home/innodems-intern2/.ptx/2.10.0/core/xsl/extract-latex-image.xsl
INFO    : successful application of /home/innodems-intern2/.ptx/2.10.0/core/xsl/extract-latex-image.xsl
INFO    : converting sec-section-name-8.tex to sec-section-name-8.pdf
INFO    : cropping sec-section-name-8.pdf to cropped-sec-section-name-8.pdf
INFO    : renaming cropped-sec-section-name-8.pdf to sec-section-name-8.pdf
INFO    : converting sec-section-name-8.pdf to sec-section-name-8.svg
INFO    : converting sec-section-name-11.tex to sec-section-name-11.pdf
INFO    : cropping sec-section-name-11.pdf to cropped-sec-section-name-11.pdf
INFO    : renaming cropped-sec-section-name-11.pdf to sec-section-name-11.pdf
INFO    : converting sec-section-name-11.pdf to sec-section-name-11.svg
INFO    : Removing temporary directory /tmp/ptx-c5_0meh1
INFO    : Preparing to build into /home/innodems-intern2/Documents/new-pretext-project/output/web.
INFO    : XSL conversion of /home/innodems-intern2/Documents/new-pretext-project/source/main.ptx by /home/innodems-intern2/.ptx/2.10.0/core/xsl/utilities/report-publisher-variables.xsl
INFO    : successful application of /home/innodems-intern2/.ptx/2.10.0/core/xsl/utilities/report-publisher-variables.xsl
INFO    : discovering source file's directory name: /home/innodems-intern2/Documents/new-pretext-project/source
INFO    : verifying and expanding input directory: /home/innodems-intern2/Documents/new-pretext-project/source/../generated-assets
INFO    : input directory expanded to absolute path: /home/innodems-intern2/Documents/new-pretext-project/generated-assets
INFO    : verifying and expanding input directory: /home/innodems-intern2/Documents/new-pretext-project/source/../assets
INFO    : input directory expanded to absolute path: /home/innodems-intern2/Documents/new-pretext-project/assets
INFO    : Runestone Services (via PreTeXt repository): version 7.4.4
INFO    : Runestone Services (using newer, via online CDN query): version 7.5.1
INFO    : Downloading Runestone Services, version 7.5.1
WARNING : There was a network problem while trying to download "https://runestone.academy/cdn/runestone/dist-7.5.1.tgz"
and the reported problem is:
('Connection broken: IncompleteRead(90081 bytes read, 14131013 more expected)', IncompleteRead(90081 bytes read, 14131013 more expected))
WARNING : Failed to download all Runestone Services files - will rely on links to web resources
INFO    : converting /home/innodems-intern2/Documents/new-pretext-project/source/main.ptx to HTML in /tmp/ptx-asja9_np
INFO    : XSL conversion of /home/innodems-intern2/Documents/new-pretext-project/source/main.ptx by /home/innodems-intern2/.ptx/2.10.0/core/xsl/pretext-html.xsl
INFO    : successful application of /home/innodems-intern2/.ptx/2.10.0/core/xsl/pretext-html.xsl
INFO    : Removing temporary directory /tmp/ptx-6tekcfbc
INFO    : Removing temporary directory /tmp/ptx-asja9_np
INFO    : 
Success! Run `pretext view` to see the results.

INFO    : 
