INFO    : Using PreTeXt-CLI version 2.10.0.  The latest stable version available is 2.11.4. Run `pip install pretext --upgrade` to update.

INFO    : PreTeXt project found in `/home/innodems-intern2/Documents/project-for-grade-seven`.
INFO    : Since no target was supplied, we will use "web".

INFO    : Building target web
INFO    : converting latex-image pictures from /home/innodems-intern2/Documents/project-for-grade-seven/source/main.ptx to svg graphics for placement in /home/innodems-intern2/Documents/project-for-grade-seven/generated-assets/latex-image
INFO    : extracting latex-image pictures from /home/innodems-intern2/Documents/project-for-grade-seven/source/main.ptx
INFO    : string parameters passed to extraction stylesheet: {'debug.html.annotate': 'yes', 'publisher': '/home/innodems-intern2/Documents/project-for-grade-seven/publication/publication.ptx', 'subtree': 'sec-section-Pythagorean-relationship'}
INFO    : discovering source file's directory name: /home/innodems-intern2/Documents/project-for-grade-seven/source
INFO    : verifying and expanding input directory: /home/innodems-intern2/Documents/project-for-grade-seven/source/../generated-assets
INFO    : input directory expanded to absolute path: /home/innodems-intern2/Documents/project-for-grade-seven/generated-assets
INFO    : verifying and expanding input directory: /home/innodems-intern2/Documents/project-for-grade-seven/source/../assets
INFO    : input directory expanded to absolute path: /home/innodems-intern2/Documents/project-for-grade-seven/assets
INFO    : XSL conversion of /home/innodems-intern2/Documents/project-for-grade-seven/source/main.ptx by /home/innodems-intern2/.ptx/2.10.0/core/xsl/extract-latex-image.xsl
INFO    : successful application of /home/innodems-intern2/.ptx/2.10.0/core/xsl/extract-latex-image.xsl
INFO    : converting sec-section-Pythagorean-relationship-14-1-2.tex to sec-section-Pythagorean-relationship-14-1-2.pdf
ERROR   : LaTeX compilation of sec-section-Pythagorean-relationship-14-1-2.tex failed.
Re-run, requesting "source" as the format, to analyze the image.
Likely creating the entire document as PDF will fail similarly.
The transcript of the LaTeX run follows.
ERROR   : Unable to generate some latex-image assets:
 LaTeX compilation failed for 1 "latex-image"(s).
Review the log for error messages, and LaTeX transcripts.
Images are:
  sec-section-Pythagorean-relationship-14-1-2.tex
INFO    : converting latex-image pictures from /home/innodems-intern2/Documents/project-for-grade-seven/source/main.ptx to svg graphics for placement in /home/innodems-intern2/Documents/project-for-grade-seven/generated-assets/latex-image
INFO    : extracting latex-image pictures from /home/innodems-intern2/Documents/project-for-grade-seven/source/main.ptx
INFO    : string parameters passed to extraction stylesheet: {'debug.html.annotate': 'yes', 'publisher': '/home/innodems-intern2/Documents/project-for-grade-seven/publication/publication.ptx', 'subtree': 'subsubsec-Square-metres'}
INFO    : discovering source file's directory name: /home/innodems-intern2/Documents/project-for-grade-seven/source
INFO    : verifying and expanding input directory: /home/innodems-intern2/Documents/project-for-grade-seven/source/../generated-assets
INFO    : input directory expanded to absolute path: /home/innodems-intern2/Documents/project-for-grade-seven/generated-assets
INFO    : verifying and expanding input directory: /home/innodems-intern2/Documents/project-for-grade-seven/source/../assets
INFO    : input directory expanded to absolute path: /home/innodems-intern2/Documents/project-for-grade-seven/assets
INFO    : XSL conversion of /home/innodems-intern2/Documents/project-for-grade-seven/source/main.ptx by /home/innodems-intern2/.ptx/2.10.0/core/xsl/extract-latex-image.xsl
INFO    : successful application of /home/innodems-intern2/.ptx/2.10.0/core/xsl/extract-latex-image.xsl
INFO    : converting subsubsec-Square-metres-4-1.tex to subsubsec-Square-metres-4-1.pdf
INFO    : cropping subsubsec-Square-metres-4-1.pdf to cropped-subsubsec-Square-metres-4-1.pdf
INFO    : renaming cropped-subsubsec-Square-metres-4-1.pdf to subsubsec-Square-metres-4-1.pdf
INFO    : converting subsubsec-Square-metres-4-1.pdf to subsubsec-Square-metres-4-1.svg
INFO    : converting latex-image pictures from /home/innodems-intern2/Documents/project-for-grade-seven/source/main.ptx to svg graphics for placement in /home/innodems-intern2/Documents/project-for-grade-seven/generated-assets/latex-image
INFO    : extracting latex-image pictures from /home/innodems-intern2/Documents/project-for-grade-seven/source/main.ptx
INFO    : string parameters passed to extraction stylesheet: {'debug.html.annotate': 'yes', 'publisher': '/home/innodems-intern2/Documents/project-for-grade-seven/publication/publication.ptx', 'subtree': 'subsec-Square-metres-acres-and-hectares'}
INFO    : discovering source file's directory name: /home/innodems-intern2/Documents/project-for-grade-seven/source
INFO    : verifying and expanding input directory: /home/innodems-intern2/Documents/project-for-grade-seven/source/../generated-assets
INFO    : input directory expanded to absolute path: /home/innodems-intern2/Documents/project-for-grade-seven/generated-assets
INFO    : verifying and expanding input directory: /home/innodems-intern2/Documents/project-for-grade-seven/source/../assets
INFO    : input directory expanded to absolute path: /home/innodems-intern2/Documents/project-for-grade-seven/assets
INFO    : XSL conversion of /home/innodems-intern2/Documents/project-for-grade-seven/source/main.ptx by /home/innodems-intern2/.ptx/2.10.0/core/xsl/extract-latex-image.xsl
INFO    : successful application of /home/innodems-intern2/.ptx/2.10.0/core/xsl/extract-latex-image.xsl
INFO    : converting subsec-Square-metres-acres-and-hectares-7-1.tex to subsec-Square-metres-acres-and-hectares-7-1.pdf
INFO    : cropping subsec-Square-metres-acres-and-hectares-7-1.pdf to cropped-subsec-Square-metres-acres-and-hectares-7-1.pdf
INFO    : renaming cropped-subsec-Square-metres-acres-and-hectares-7-1.pdf to subsec-Square-metres-acres-and-hectares-7-1.pdf
INFO    : converting subsec-Square-metres-acres-and-hectares-7-1.pdf to subsec-Square-metres-acres-and-hectares-7-1.svg
INFO    : converting subsubsec-Square-metres-4-1.tex to subsubsec-Square-metres-4-1.pdf
INFO    : cropping subsubsec-Square-metres-4-1.pdf to cropped-subsubsec-Square-metres-4-1.pdf
INFO    : renaming cropped-subsubsec-Square-metres-4-1.pdf to subsubsec-Square-metres-4-1.pdf
INFO    : converting subsubsec-Square-metres-4-1.pdf to subsubsec-Square-metres-4-1.svg
INFO    : Removing temporary directory /tmp/ptx-t5x_usk6
INFO    : Removing temporary directory /tmp/ptx-7y_po_d7
INFO    : Removing temporary directory /tmp/ptx-wu10ajus
INFO    : Preparing to build into /home/innodems-intern2/Documents/project-for-grade-seven/output/web.
INFO    : XSL conversion of /home/innodems-intern2/Documents/project-for-grade-seven/source/main.ptx by /home/innodems-intern2/.ptx/2.10.0/core/xsl/utilities/report-publisher-variables.xsl
INFO    : successful application of /home/innodems-intern2/.ptx/2.10.0/core/xsl/utilities/report-publisher-variables.xsl
INFO    : discovering source file's directory name: /home/innodems-intern2/Documents/project-for-grade-seven/source
INFO    : verifying and expanding input directory: /home/innodems-intern2/Documents/project-for-grade-seven/source/../generated-assets
INFO    : input directory expanded to absolute path: /home/innodems-intern2/Documents/project-for-grade-seven/generated-assets
INFO    : verifying and expanding input directory: /home/innodems-intern2/Documents/project-for-grade-seven/source/../assets
INFO    : input directory expanded to absolute path: /home/innodems-intern2/Documents/project-for-grade-seven/assets
INFO    : Runestone Services (via PreTeXt repository): version 7.4.4
INFO    : Runestone Services (using newer, via online CDN query): version 7.5.1
INFO    : Downloading Runestone Services, version 7.5.1
INFO    : Extracting Runestone Services from archive file
INFO    : converting /home/innodems-intern2/Documents/project-for-grade-seven/source/main.ptx to HTML in /tmp/ptx-rti2p3f1
INFO    : XSL conversion of /home/innodems-intern2/Documents/project-for-grade-seven/source/main.ptx by /home/innodems-intern2/.ptx/2.10.0/core/xsl/pretext-html.xsl
INFO    : messages from the log for XSL processing:
WARNING : * PTX:WARNING: A section containing subsections needs to have other content inside an <introduction> and/or  <conclusion>.
INFO    : *              located within: "sec-section-Length" (xml:id), "Length" (title)
WARNING : * PTX:WARNING: A section containing subsections needs to have other content inside an <introduction> and/or  <conclusion>.
INFO    : *              located within: "sec-section-Area" (xml:id), "Area" (title)
WARNING : * PTX:DEPRECATE: (2016-07-31) @width attribute on <image> must be expressed as a percentage (1 time)
INFO    : *              located within: "sec-section-Pythagorean-relationship" (xml:id), "Pythagorean relationship" (title)
INFO    : * --------------
INFO    : successful application of /home/innodems-intern2/.ptx/2.10.0/core/xsl/pretext-html.xsl
INFO    : Removing temporary directory /tmp/ptx-pzv_oh3l
INFO    : Removing temporary directory /tmp/ptx-rti2p3f1
INFO    : 
Success! Run `pretext view` to see the results.

INFO    : 
----------------------------------------------------
INFO    : While running pretext, the following errors occurred:

INFO    : (see log messages above or in the 'logs' folder for more information)
INFO    : ----------------------------------------------------
